<?xml version="1.0" encoding="UTF-8"?>
<coverage generated="1601840291945" clover="3.2.0">
  <project timestamp="1601840291945" name="All files">
    <metrics statements="46" coveredstatements="46" conditionals="45" coveredconditionals="45" methods="18" coveredmethods="18" elements="109" coveredelements="109" complexity="0" loc="46" ncloc="46" packages="2" files="15" classes="15"/>
    <package name="components">
      <metrics statements="41" coveredstatements="41" conditionals="43" coveredconditionals="43" methods="17" coveredmethods="17"/>
      <file name="card.component.js" path="/Users/jackwitt/Desktop/website/website.v2/src/components/card.component.js">
        <metrics statements="3" coveredstatements="3" conditionals="4" coveredconditionals="4" methods="1" coveredmethods="1"/>
        <line num="5" count="12" type="stmt"/>
        <line num="6" count="7" type="stmt"/>
        <line num="7" count="7" type="stmt"/>
      </file>
      <file name="contact.component.js" path="/Users/jackwitt/Desktop/website/website.v2/src/components/contact.component.js">
        <metrics statements="2" coveredstatements="2" conditionals="0" coveredconditionals="0" methods="1" coveredmethods="1"/>
        <line num="5" count="12" type="stmt"/>
        <line num="6" count="2" type="stmt"/>
      </file>
      <file name="content-item.component.js" path="/Users/jackwitt/Desktop/website/website.v2/src/components/content-item.component.js">
        <metrics statements="3" coveredstatements="3" conditionals="10" coveredconditionals="10" methods="1" coveredmethods="1"/>
        <line num="5" count="12" type="stmt"/>
        <line num="6" count="9" type="stmt"/>
        <line num="7" count="9" type="stmt"/>
      </file>
      <file name="content.component.js" path="/Users/jackwitt/Desktop/website/website.v2/src/components/content.component.js">
        <metrics statements="2" coveredstatements="2" conditionals="0" coveredconditionals="0" methods="1" coveredmethods="1"/>
        <line num="14" count="12" type="stmt"/>
        <line num="15" count="1" type="stmt"/>
      </file>
      <file name="education-item.component.js" path="/Users/jackwitt/Desktop/website/website.v2/src/components/education-item.component.js">
        <metrics statements="3" coveredstatements="3" conditionals="10" coveredconditionals="10" methods="1" coveredmethods="1"/>
        <line num="5" count="12" type="stmt"/>
        <line num="6" count="7" type="stmt"/>
        <line num="7" count="7" type="stmt"/>
      </file>
      <file name="footer.component.js" path="/Users/jackwitt/Desktop/website/website.v2/src/components/footer.component.js">
        <metrics statements="2" coveredstatements="2" conditionals="0" coveredconditionals="0" methods="1" coveredmethods="1"/>
        <line num="4" count="12" type="stmt"/>
        <line num="5" count="2" type="stmt"/>
      </file>
      <file name="header-icon.component.js" path="/Users/jackwitt/Desktop/website/website.v2/src/components/header-icon.component.js">
        <metrics statements="4" coveredstatements="4" conditionals="8" coveredconditionals="8" methods="1" coveredmethods="1"/>
        <line num="5" count="12" type="stmt"/>
        <line num="11" count="12" type="stmt"/>
        <line num="12" count="12" type="stmt"/>
        <line num="13" count="12" type="stmt"/>
      </file>
      <file name="icon-change.component.js" path="/Users/jackwitt/Desktop/website/website.v2/src/components/icon-change.component.js">
        <metrics statements="6" coveredstatements="6" conditionals="5" coveredconditionals="5" methods="2" coveredmethods="2"/>
        <line num="4" count="12" type="stmt"/>
        <line num="5" count="10" type="cond" truecount="3" falsecount="0"/>
        <line num="6" count="10" type="stmt"/>
        <line num="8" count="10" type="stmt"/>
        <line num="9" count="4" type="stmt"/>
        <line num="12" count="10" type="stmt"/>
      </file>
      <file name="index.js" path="/Users/jackwitt/Desktop/website/website.v2/src/components/index.js">
        <metrics statements="0" coveredstatements="0" conditionals="0" coveredconditionals="0" methods="0" coveredmethods="0"/>
      </file>
      <file name="jumbotron.component.js" path="/Users/jackwitt/Desktop/website/website.v2/src/components/jumbotron.component.js">
        <metrics statements="3" coveredstatements="3" conditionals="0" coveredconditionals="0" methods="2" coveredmethods="2"/>
        <line num="7" count="12" type="stmt"/>
        <line num="8" count="3" type="stmt"/>
        <line num="15" count="1" type="stmt"/>
      </file>
      <file name="nav.component.js" path="/Users/jackwitt/Desktop/website/website.v2/src/components/nav.component.js">
        <metrics statements="6" coveredstatements="6" conditionals="4" coveredconditionals="4" methods="3" coveredmethods="3"/>
        <line num="8" count="3" type="stmt"/>
        <line num="9" count="3" type="stmt"/>
        <line num="12" count="3" type="stmt"/>
        <line num="16" count="2" type="stmt"/>
        <line num="20" count="5" type="stmt"/>
        <line num="21" count="5" type="stmt"/>
      </file>
      <file name="page-link.component.js" path="/Users/jackwitt/Desktop/website/website.v2/src/components/page-link.component.js">
        <metrics statements="4" coveredstatements="4" conditionals="0" coveredconditionals="0" methods="2" coveredmethods="2"/>
        <line num="4" count="12" type="stmt"/>
        <line num="5" count="23" type="stmt"/>
        <line num="7" count="23" type="stmt"/>
        <line num="8" count="1" type="stmt"/>
      </file>
      <file name="social-media.component.js" path="/Users/jackwitt/Desktop/website/website.v2/src/components/social-media.component.js">
        <metrics statements="3" coveredstatements="3" conditionals="2" coveredconditionals="2" methods="1" coveredmethods="1"/>
        <line num="5" count="12" type="stmt"/>
        <line num="6" count="17" type="cond" truecount="2" falsecount="0"/>
        <line num="7" count="17" type="stmt"/>
      </file>
    </package>
    <package name="scripts">
      <metrics statements="5" coveredstatements="5" conditionals="2" coveredconditionals="2" methods="1" coveredmethods="1"/>
      <file name="index.js" path="/Users/jackwitt/Desktop/website/website.v2/src/scripts/index.js">
        <metrics statements="0" coveredstatements="0" conditionals="0" coveredconditionals="0" methods="0" coveredmethods="0"/>
      </file>
      <file name="scrollToName.js" path="/Users/jackwitt/Desktop/website/website.v2/src/scripts/scrollToName.js">
        <metrics statements="5" coveredstatements="5" conditionals="2" coveredconditionals="2" methods="1" coveredmethods="1"/>
        <line num="1" count="13" type="stmt"/>
        <line num="2" count="4" type="stmt"/>
        <line num="3" count="4" type="cond" truecount="2" falsecount="0"/>
        <line num="4" count="1" type="stmt"/>
        <line num="5" count="1" type="stmt"/>
      </file>
    </package>
  </project>
</coverage>
