{"/Users/jackwitt/Desktop/website/website.v2/src/components/card.component.js": {"path":"/Users/jackwitt/Desktop/website/website.v2/src/components/card.component.js","statementMap":{"0":{"start":{"line":5,"column":13},"end":{"line":16,"column":1}},"1":{"start":{"line":6,"column":30},"end":{"line":6,"column":35}},"2":{"start":{"line":7,"column":2},"end":{"line":15,"column":4}}},"fnMap":{"0":{"name":"(anonymous_0)","decl":{"start":{"line":5,"column":13},"end":{"line":5,"column":14}},"loc":{"start":{"line":5,"column":24},"end":{"line":16,"column":1}},"line":5}},"branchMap":{"0":{"loc":{"start":{"line":11,"column":9},"end":{"line":11,"column":40}},"type":"cond-expr","locations":[{"start":{"line":11,"column":17},"end":{"line":11,"column":33}},{"start":{"line":11,"column":36},"end":{"line":11,"column":40}}],"line":11},"1":{"loc":{"start":{"line":12,"column":9},"end":{"line":12,"column":46}},"type":"cond-expr","locations":[{"start":{"line":12,"column":20},"end":{"line":12,"column":39}},{"start":{"line":12,"column":42},"end":{"line":12,"column":46}}],"line":12}},"s":{"0":11,"1":4,"2":4},"f":{"0":4},"b":{"0":[3,1],"1":[1,3]},"_coverageSchema":"43e27e138ebf9cfc5966b082cf9a028302ed4184","hash":"27a7fbd27e57f75507d8ad7c874ee11940255eda"}
,"/Users/jackwitt/Desktop/website/website.v2/src/components/contact.component.js": {"path":"/Users/jackwitt/Desktop/website/website.v2/src/components/contact.component.js","statementMap":{"0":{"start":{"line":5,"column":16},"end":{"line":14,"column":1}},"1":{"start":{"line":6,"column":2},"end":{"line":13,"column":4}}},"fnMap":{"0":{"name":"(anonymous_0)","decl":{"start":{"line":5,"column":16},"end":{"line":5,"column":17}},"loc":{"start":{"line":5,"column":22},"end":{"line":14,"column":1}},"line":5}},"branchMap":{},"s":{"0":11,"1":1},"f":{"0":1},"b":{},"_coverageSchema":"43e27e138ebf9cfc5966b082cf9a028302ed4184","hash":"4eecc00eb80e3dcd3dd606256fba6e41394d91ce"}
,"/Users/jackwitt/Desktop/website/website.v2/src/components/content-item.component.js": {"path":"/Users/jackwitt/Desktop/website/website.v2/src/components/content-item.component.js","statementMap":{"0":{"start":{"line":5,"column":20},"end":{"line":30,"column":1}},"1":{"start":{"line":6,"column":60},"end":{"line":6,"column":65}},"2":{"start":{"line":7,"column":2},"end":{"line":29,"column":4}}},"fnMap":{"0":{"name":"(anonymous_0)","decl":{"start":{"line":5,"column":20},"end":{"line":5,"column":21}},"loc":{"start":{"line":5,"column":31},"end":{"line":30,"column":1}},"line":5}},"branchMap":{"0":{"loc":{"start":{"line":10,"column":9},"end":{"line":15,"column":16}},"type":"cond-expr","locations":[{"start":{"line":11,"column":10},"end":{"line":14,"column":16}},{"start":{"line":15,"column":12},"end":{"line":15,"column":16}}],"line":10},"1":{"loc":{"start":{"line":10,"column":9},"end":{"line":10,"column":26}},"type":"binary-expr","locations":[{"start":{"line":10,"column":9},"end":{"line":10,"column":14}},{"start":{"line":10,"column":18},"end":{"line":10,"column":26}}],"line":10},"2":{"loc":{"start":{"line":12,"column":13},"end":{"line":12,"column":44}},"type":"cond-expr","locations":[{"start":{"line":12,"column":21},"end":{"line":12,"column":37}},{"start":{"line":12,"column":40},"end":{"line":12,"column":44}}],"line":12},"3":{"loc":{"start":{"line":13,"column":13},"end":{"line":13,"column":50}},"type":"cond-expr","locations":[{"start":{"line":13,"column":24},"end":{"line":13,"column":43}},{"start":{"line":13,"column":46},"end":{"line":13,"column":50}}],"line":13},"4":{"loc":{"start":{"line":18,"column":9},"end":{"line":22,"column":16}},"type":"cond-expr","locations":[{"start":{"line":19,"column":10},"end":{"line":21,"column":16}},{"start":{"line":22,"column":12},"end":{"line":22,"column":16}}],"line":18}},"s":{"0":11,"1":7,"2":7},"f":{"0":7},"b":{"0":[3,4],"1":[7,5],"2":[2,1],"3":[2,1],"4":[2,5]},"_coverageSchema":"43e27e138ebf9cfc5966b082cf9a028302ed4184","hash":"694492f0e3ca728554f1bcff85628aeac504b77c"}
,"/Users/jackwitt/Desktop/website/website.v2/src/components/content.component.js": {"path":"/Users/jackwitt/Desktop/website/website.v2/src/components/content.component.js","statementMap":{"0":{"start":{"line":14,"column":16},"end":{"line":71,"column":1}},"1":{"start":{"line":15,"column":2},"end":{"line":70,"column":4}}},"fnMap":{"0":{"name":"(anonymous_0)","decl":{"start":{"line":14,"column":16},"end":{"line":14,"column":17}},"loc":{"start":{"line":14,"column":27},"end":{"line":71,"column":1}},"line":14}},"branchMap":{},"s":{"0":11,"1":0},"f":{"0":0},"b":{},"_coverageSchema":"43e27e138ebf9cfc5966b082cf9a028302ed4184","hash":"39d3679916f72b12f170b248daf81b552381b033"}
,"/Users/jackwitt/Desktop/website/website.v2/src/components/education-item.component.js": {"path":"/Users/jackwitt/Desktop/website/website.v2/src/components/education-item.component.js","statementMap":{"0":{"start":{"line":5,"column":22},"end":{"line":26,"column":1}},"1":{"start":{"line":6,"column":43},"end":{"line":6,"column":48}},"2":{"start":{"line":7,"column":2},"end":{"line":25,"column":4}}},"fnMap":{"0":{"name":"(anonymous_0)","decl":{"start":{"line":5,"column":22},"end":{"line":5,"column":23}},"loc":{"start":{"line":5,"column":33},"end":{"line":26,"column":1}},"line":5}},"branchMap":{"0":{"loc":{"start":{"line":10,"column":9},"end":{"line":15,"column":16}},"type":"cond-expr","locations":[{"start":{"line":11,"column":10},"end":{"line":14,"column":16}},{"start":{"line":15,"column":12},"end":{"line":15,"column":16}}],"line":10},"1":{"loc":{"start":{"line":10,"column":9},"end":{"line":10,"column":26}},"type":"binary-expr","locations":[{"start":{"line":10,"column":9},"end":{"line":10,"column":14}},{"start":{"line":10,"column":18},"end":{"line":10,"column":26}}],"line":10},"2":{"loc":{"start":{"line":12,"column":13},"end":{"line":12,"column":44}},"type":"cond-expr","locations":[{"start":{"line":12,"column":21},"end":{"line":12,"column":37}},{"start":{"line":12,"column":40},"end":{"line":12,"column":44}}],"line":12},"3":{"loc":{"start":{"line":13,"column":13},"end":{"line":13,"column":50}},"type":"cond-expr","locations":[{"start":{"line":13,"column":24},"end":{"line":13,"column":43}},{"start":{"line":13,"column":46},"end":{"line":13,"column":50}}],"line":13},"4":{"loc":{"start":{"line":18,"column":9},"end":{"line":22,"column":16}},"type":"cond-expr","locations":[{"start":{"line":19,"column":10},"end":{"line":21,"column":16}},{"start":{"line":22,"column":12},"end":{"line":22,"column":16}}],"line":18}},"s":{"0":11,"1":5,"2":5},"f":{"0":5},"b":{"0":[3,2],"1":[5,3],"2":[2,1],"3":[2,1],"4":[2,3]},"_coverageSchema":"43e27e138ebf9cfc5966b082cf9a028302ed4184","hash":"1edf8986d408f488a44f31068f95e2e81f052836"}
,"/Users/jackwitt/Desktop/website/website.v2/src/components/footer.component.js": {"path":"/Users/jackwitt/Desktop/website/website.v2/src/components/footer.component.js","statementMap":{"0":{"start":{"line":4,"column":15},"end":{"line":28,"column":1}},"1":{"start":{"line":5,"column":2},"end":{"line":27,"column":4}}},"fnMap":{"0":{"name":"(anonymous_0)","decl":{"start":{"line":4,"column":15},"end":{"line":4,"column":16}},"loc":{"start":{"line":4,"column":21},"end":{"line":28,"column":1}},"line":4}},"branchMap":{},"s":{"0":11,"1":1},"f":{"0":1},"b":{},"_coverageSchema":"43e27e138ebf9cfc5966b082cf9a028302ed4184","hash":"4f2672e470ade71632b579a29957e4fe519c6ac7"}
,"/Users/jackwitt/Desktop/website/website.v2/src/components/header-icon.component.js": {"path":"/Users/jackwitt/Desktop/website/website.v2/src/components/header-icon.component.js","statementMap":{"0":{"start":{"line":5,"column":19},"end":{"line":15,"column":1}},"1":{"start":{"line":6,"column":57},"end":{"line":6,"column":62}},"2":{"start":{"line":7,"column":21},"end":{"line":7,"column":52}},"3":{"start":{"line":8,"column":2},"end":{"line":14,"column":4}}},"fnMap":{"0":{"name":"(anonymous_0)","decl":{"start":{"line":5,"column":19},"end":{"line":5,"column":20}},"loc":{"start":{"line":5,"column":30},"end":{"line":15,"column":1}},"line":5}},"branchMap":{"0":{"loc":{"start":{"line":6,"column":10},"end":{"line":6,"column":22}},"type":"default-arg","locations":[{"start":{"line":6,"column":17},"end":{"line":6,"column":22}}],"line":6},"1":{"loc":{"start":{"line":6,"column":24},"end":{"line":6,"column":33}},"type":"default-arg","locations":[{"start":{"line":6,"column":31},"end":{"line":6,"column":33}}],"line":6},"2":{"loc":{"start":{"line":6,"column":35},"end":{"line":6,"column":52}},"type":"default-arg","locations":[{"start":{"line":6,"column":47},"end":{"line":6,"column":52}}],"line":6},"3":{"loc":{"start":{"line":10,"column":45},"end":{"line":10,"column":75}},"type":"cond-expr","locations":[{"start":{"line":10,"column":57},"end":{"line":10,"column":70}},{"start":{"line":10,"column":73},"end":{"line":10,"column":75}}],"line":10}},"s":{"0":11,"1":8,"2":8,"3":8},"f":{"0":8},"b":{"0":[2],"1":[2],"2":[7],"3":[1,7]},"_coverageSchema":"43e27e138ebf9cfc5966b082cf9a028302ed4184","hash":"15383fe936173fc468e3991781173456b445d2c1"}
,"/Users/jackwitt/Desktop/website/website.v2/src/components/icon-change.component.js": {"path":"/Users/jackwitt/Desktop/website/website.v2/src/components/icon-change.component.js","statementMap":{"0":{"start":{"line":4,"column":19},"end":{"line":21,"column":1}},"1":{"start":{"line":5,"column":74},"end":{"line":5,"column":79}},"2":{"start":{"line":6,"column":26},"end":{"line":6,"column":40}},"3":{"start":{"line":8,"column":26},"end":{"line":11,"column":3}},"4":{"start":{"line":9,"column":4},"end":{"line":9,"column":19}},"5":{"start":{"line":13,"column":2},"end":{"line":20,"column":4}}},"fnMap":{"0":{"name":"(anonymous_0)","decl":{"start":{"line":4,"column":19},"end":{"line":4,"column":20}},"loc":{"start":{"line":4,"column":30},"end":{"line":21,"column":1}},"line":4},"1":{"name":"(anonymous_1)","decl":{"start":{"line":8,"column":26},"end":{"line":8,"column":27}},"loc":{"start":{"line":8,"column":32},"end":{"line":11,"column":3}},"line":8}},"branchMap":{"0":{"loc":{"start":{"line":5,"column":10},"end":{"line":5,"column":27}},"type":"default-arg","locations":[{"start":{"line":5,"column":22},"end":{"line":5,"column":27}}],"line":5},"1":{"loc":{"start":{"line":5,"column":29},"end":{"line":5,"column":53}},"type":"default-arg","locations":[{"start":{"line":5,"column":42},"end":{"line":5,"column":53}}],"line":5},"2":{"loc":{"start":{"line":5,"column":55},"end":{"line":5,"column":69}},"type":"default-arg","locations":[{"start":{"line":5,"column":67},"end":{"line":5,"column":69}}],"line":5},"3":{"loc":{"start":{"line":17,"column":34},"end":{"line":17,"column":63}},"type":"cond-expr","locations":[{"start":{"line":17,"column":41},"end":{"line":17,"column":50}},{"start":{"line":17,"column":53},"end":{"line":17,"column":63}}],"line":17}},"s":{"0":11,"1":7,"2":7,"3":7,"4":2,"5":7},"f":{"0":7,"1":2},"b":{"0":[4],"1":[4],"2":[4],"3":[6,1]},"_coverageSchema":"43e27e138ebf9cfc5966b082cf9a028302ed4184","hash":"27ad1702249cc47fa660e60eea346f3630f64516"}
,"/Users/jackwitt/Desktop/website/website.v2/src/components/index.js": {"path":"/Users/jackwitt/Desktop/website/website.v2/src/components/index.js","statementMap":{},"fnMap":{},"branchMap":{},"s":{},"f":{},"b":{},"_coverageSchema":"43e27e138ebf9cfc5966b082cf9a028302ed4184","hash":"853a306650208abb1148e4380916859b85be7409"}
,"/Users/jackwitt/Desktop/website/website.v2/src/components/jumbotron.component.js": {"path":"/Users/jackwitt/Desktop/website/website.v2/src/components/jumbotron.component.js","statementMap":{"0":{"start":{"line":6,"column":18},"end":{"line":19,"column":1}},"1":{"start":{"line":7,"column":2},"end":{"line":18,"column":4}}},"fnMap":{"0":{"name":"(anonymous_0)","decl":{"start":{"line":6,"column":18},"end":{"line":6,"column":19}},"loc":{"start":{"line":6,"column":29},"end":{"line":19,"column":1}},"line":6}},"branchMap":{},"s":{"0":11,"1":0},"f":{"0":0},"b":{},"_coverageSchema":"43e27e138ebf9cfc5966b082cf9a028302ed4184","hash":"fb8ae74dd1dc46ed4aad555b5230878fa2fa7722"}
,"/Users/jackwitt/Desktop/website/website.v2/src/components/nav.component.js": {"path":"/Users/jackwitt/Desktop/website/website.v2/src/components/nav.component.js","statementMap":{"0":{"start":{"line":6,"column":19},"end":{"line":24,"column":1}},"1":{"start":{"line":7,"column":2},"end":{"line":23,"column":4}}},"fnMap":{"0":{"name":"(anonymous_0)","decl":{"start":{"line":6,"column":19},"end":{"line":6,"column":20}},"loc":{"start":{"line":6,"column":30},"end":{"line":24,"column":1}},"line":6}},"branchMap":{},"s":{"0":11,"1":2},"f":{"0":2},"b":{},"_coverageSchema":"43e27e138ebf9cfc5966b082cf9a028302ed4184","hash":"8cc7f6f4de7d34b1085b37b52c3f84320d54e51a"}
,"/Users/jackwitt/Desktop/website/website.v2/src/components/social-media.component.js": {"path":"/Users/jackwitt/Desktop/website/website.v2/src/components/social-media.component.js","statementMap":{"0":{"start":{"line":5,"column":20},"end":{"line":22,"column":1}},"1":{"start":{"line":6,"column":57},"end":{"line":6,"column":62}},"2":{"start":{"line":7,"column":2},"end":{"line":21,"column":4}}},"fnMap":{"0":{"name":"(anonymous_0)","decl":{"start":{"line":5,"column":20},"end":{"line":5,"column":21}},"loc":{"start":{"line":5,"column":31},"end":{"line":22,"column":1}},"line":5}},"branchMap":{"0":{"loc":{"start":{"line":6,"column":10},"end":{"line":6,"column":35}},"type":"default-arg","locations":[{"start":{"line":6,"column":27},"end":{"line":6,"column":35}}],"line":6},"1":{"loc":{"start":{"line":6,"column":37},"end":{"line":6,"column":52}},"type":"default-arg","locations":[{"start":{"line":6,"column":44},"end":{"line":6,"column":52}}],"line":6}},"s":{"0":11,"1":13,"2":13},"f":{"0":13},"b":{"0":[8],"1":[6]},"_coverageSchema":"43e27e138ebf9cfc5966b082cf9a028302ed4184","hash":"8a4a8b66c29ce108be982a13214e9a922582ed5e"}
}
