{"/Users/jackwitt/Desktop/website/website.v2/src/components/card.component.js": {"path":"/Users/jackwitt/Desktop/website/website.v2/src/components/card.component.js","statementMap":{"0":{"start":{"line":5,"column":13},"end":{"line":16,"column":1}},"1":{"start":{"line":6,"column":30},"end":{"line":6,"column":35}},"2":{"start":{"line":7,"column":2},"end":{"line":15,"column":4}}},"fnMap":{"0":{"name":"(anonymous_0)","decl":{"start":{"line":5,"column":13},"end":{"line":5,"column":14}},"loc":{"start":{"line":5,"column":24},"end":{"line":16,"column":1}},"line":5}},"branchMap":{"0":{"loc":{"start":{"line":11,"column":9},"end":{"line":11,"column":40}},"type":"cond-expr","locations":[{"start":{"line":11,"column":17},"end":{"line":11,"column":33}},{"start":{"line":11,"column":36},"end":{"line":11,"column":40}}],"line":11},"1":{"loc":{"start":{"line":12,"column":9},"end":{"line":12,"column":46}},"type":"cond-expr","locations":[{"start":{"line":12,"column":20},"end":{"line":12,"column":39}},{"start":{"line":12,"column":42},"end":{"line":12,"column":46}}],"line":12}},"s":{"0":12,"1":7,"2":7},"f":{"0":7},"b":{"0":[6,1],"1":[4,3]},"_coverageSchema":"43e27e138ebf9cfc5966b082cf9a028302ed4184","hash":"27a7fbd27e57f75507d8ad7c874ee11940255eda"}
,"/Users/jackwitt/Desktop/website/website.v2/src/components/contact.component.js": {"path":"/Users/jackwitt/Desktop/website/website.v2/src/components/contact.component.js","statementMap":{"0":{"start":{"line":5,"column":16},"end":{"line":14,"column":1}},"1":{"start":{"line":6,"column":2},"end":{"line":13,"column":4}}},"fnMap":{"0":{"name":"(anonymous_0)","decl":{"start":{"line":5,"column":16},"end":{"line":5,"column":17}},"loc":{"start":{"line":5,"column":22},"end":{"line":14,"column":1}},"line":5}},"branchMap":{},"s":{"0":12,"1":2},"f":{"0":2},"b":{},"_coverageSchema":"43e27e138ebf9cfc5966b082cf9a028302ed4184","hash":"4eecc00eb80e3dcd3dd606256fba6e41394d91ce"}
,"/Users/jackwitt/Desktop/website/website.v2/src/components/content-item.component.js": {"path":"/Users/jackwitt/Desktop/website/website.v2/src/components/content-item.component.js","statementMap":{"0":{"start":{"line":5,"column":20},"end":{"line":30,"column":1}},"1":{"start":{"line":6,"column":60},"end":{"line":6,"column":65}},"2":{"start":{"line":7,"column":2},"end":{"line":29,"column":4}}},"fnMap":{"0":{"name":"(anonymous_0)","decl":{"start":{"line":5,"column":20},"end":{"line":5,"column":21}},"loc":{"start":{"line":5,"column":31},"end":{"line":30,"column":1}},"line":5}},"branchMap":{"0":{"loc":{"start":{"line":10,"column":9},"end":{"line":15,"column":16}},"type":"cond-expr","locations":[{"start":{"line":11,"column":10},"end":{"line":14,"column":16}},{"start":{"line":15,"column":12},"end":{"line":15,"column":16}}],"line":10},"1":{"loc":{"start":{"line":10,"column":9},"end":{"line":10,"column":26}},"type":"binary-expr","locations":[{"start":{"line":10,"column":9},"end":{"line":10,"column":14}},{"start":{"line":10,"column":18},"end":{"line":10,"column":26}}],"line":10},"2":{"loc":{"start":{"line":12,"column":13},"end":{"line":12,"column":44}},"type":"cond-expr","locations":[{"start":{"line":12,"column":21},"end":{"line":12,"column":37}},{"start":{"line":12,"column":40},"end":{"line":12,"column":44}}],"line":12},"3":{"loc":{"start":{"line":13,"column":13},"end":{"line":13,"column":50}},"type":"cond-expr","locations":[{"start":{"line":13,"column":24},"end":{"line":13,"column":43}},{"start":{"line":13,"column":46},"end":{"line":13,"column":50}}],"line":13},"4":{"loc":{"start":{"line":18,"column":9},"end":{"line":22,"column":16}},"type":"cond-expr","locations":[{"start":{"line":19,"column":10},"end":{"line":21,"column":16}},{"start":{"line":22,"column":12},"end":{"line":22,"column":16}}],"line":18}},"s":{"0":12,"1":9,"2":9},"f":{"0":9},"b":{"0":[5,4],"1":[9,5],"2":[4,1],"3":[4,1],"4":[4,5]},"_coverageSchema":"43e27e138ebf9cfc5966b082cf9a028302ed4184","hash":"694492f0e3ca728554f1bcff85628aeac504b77c"}
,"/Users/jackwitt/Desktop/website/website.v2/src/components/content.component.js": {"path":"/Users/jackwitt/Desktop/website/website.v2/src/components/content.component.js","statementMap":{"0":{"start":{"line":14,"column":16},"end":{"line":71,"column":1}},"1":{"start":{"line":15,"column":2},"end":{"line":70,"column":4}}},"fnMap":{"0":{"name":"(anonymous_0)","decl":{"start":{"line":14,"column":16},"end":{"line":14,"column":17}},"loc":{"start":{"line":14,"column":27},"end":{"line":71,"column":1}},"line":14}},"branchMap":{},"s":{"0":12,"1":1},"f":{"0":1},"b":{},"_coverageSchema":"43e27e138ebf9cfc5966b082cf9a028302ed4184","hash":"39d3679916f72b12f170b248daf81b552381b033"}
,"/Users/jackwitt/Desktop/website/website.v2/src/components/education-item.component.js": {"path":"/Users/jackwitt/Desktop/website/website.v2/src/components/education-item.component.js","statementMap":{"0":{"start":{"line":5,"column":22},"end":{"line":26,"column":1}},"1":{"start":{"line":6,"column":43},"end":{"line":6,"column":48}},"2":{"start":{"line":7,"column":2},"end":{"line":25,"column":4}}},"fnMap":{"0":{"name":"(anonymous_0)","decl":{"start":{"line":5,"column":22},"end":{"line":5,"column":23}},"loc":{"start":{"line":5,"column":33},"end":{"line":26,"column":1}},"line":5}},"branchMap":{"0":{"loc":{"start":{"line":10,"column":9},"end":{"line":15,"column":16}},"type":"cond-expr","locations":[{"start":{"line":11,"column":10},"end":{"line":14,"column":16}},{"start":{"line":15,"column":12},"end":{"line":15,"column":16}}],"line":10},"1":{"loc":{"start":{"line":10,"column":9},"end":{"line":10,"column":26}},"type":"binary-expr","locations":[{"start":{"line":10,"column":9},"end":{"line":10,"column":14}},{"start":{"line":10,"column":18},"end":{"line":10,"column":26}}],"line":10},"2":{"loc":{"start":{"line":12,"column":13},"end":{"line":12,"column":44}},"type":"cond-expr","locations":[{"start":{"line":12,"column":21},"end":{"line":12,"column":37}},{"start":{"line":12,"column":40},"end":{"line":12,"column":44}}],"line":12},"3":{"loc":{"start":{"line":13,"column":13},"end":{"line":13,"column":50}},"type":"cond-expr","locations":[{"start":{"line":13,"column":24},"end":{"line":13,"column":43}},{"start":{"line":13,"column":46},"end":{"line":13,"column":50}}],"line":13},"4":{"loc":{"start":{"line":18,"column":9},"end":{"line":22,"column":16}},"type":"cond-expr","locations":[{"start":{"line":19,"column":10},"end":{"line":21,"column":16}},{"start":{"line":22,"column":12},"end":{"line":22,"column":16}}],"line":18}},"s":{"0":12,"1":7,"2":7},"f":{"0":7},"b":{"0":[5,2],"1":[7,3],"2":[4,1],"3":[4,1],"4":[2,5]},"_coverageSchema":"43e27e138ebf9cfc5966b082cf9a028302ed4184","hash":"1edf8986d408f488a44f31068f95e2e81f052836"}
,"/Users/jackwitt/Desktop/website/website.v2/src/components/footer.component.js": {"path":"/Users/jackwitt/Desktop/website/website.v2/src/components/footer.component.js","statementMap":{"0":{"start":{"line":4,"column":15},"end":{"line":28,"column":1}},"1":{"start":{"line":5,"column":2},"end":{"line":27,"column":4}}},"fnMap":{"0":{"name":"(anonymous_0)","decl":{"start":{"line":4,"column":15},"end":{"line":4,"column":16}},"loc":{"start":{"line":4,"column":21},"end":{"line":28,"column":1}},"line":4}},"branchMap":{},"s":{"0":12,"1":2},"f":{"0":2},"b":{},"_coverageSchema":"43e27e138ebf9cfc5966b082cf9a028302ed4184","hash":"4f2672e470ade71632b579a29957e4fe519c6ac7"}
,"/Users/jackwitt/Desktop/website/website.v2/src/components/header-icon.component.js": {"path":"/Users/jackwitt/Desktop/website/website.v2/src/components/header-icon.component.js","statementMap":{"0":{"start":{"line":5,"column":19},"end":{"line":24,"column":1}},"1":{"start":{"line":11,"column":6},"end":{"line":11,"column":11}},"2":{"start":{"line":12,"column":21},"end":{"line":12,"column":52}},"3":{"start":{"line":13,"column":2},"end":{"line":23,"column":4}}},"fnMap":{"0":{"name":"(anonymous_0)","decl":{"start":{"line":5,"column":19},"end":{"line":5,"column":20}},"loc":{"start":{"line":5,"column":30},"end":{"line":24,"column":1}},"line":5}},"branchMap":{"0":{"loc":{"start":{"line":7,"column":4},"end":{"line":7,"column":16}},"type":"default-arg","locations":[{"start":{"line":7,"column":11},"end":{"line":7,"column":16}}],"line":7},"1":{"loc":{"start":{"line":8,"column":4},"end":{"line":8,"column":19}},"type":"default-arg","locations":[{"start":{"line":8,"column":11},"end":{"line":8,"column":19}}],"line":8},"2":{"loc":{"start":{"line":9,"column":4},"end":{"line":9,"column":20}},"type":"default-arg","locations":[{"start":{"line":9,"column":16},"end":{"line":9,"column":20}}],"line":9},"3":{"loc":{"start":{"line":10,"column":4},"end":{"line":10,"column":20}},"type":"default-arg","locations":[{"start":{"line":10,"column":16},"end":{"line":10,"column":20}}],"line":10},"4":{"loc":{"start":{"line":17,"column":9},"end":{"line":17,"column":39}},"type":"cond-expr","locations":[{"start":{"line":17,"column":21},"end":{"line":17,"column":34}},{"start":{"line":17,"column":37},"end":{"line":17,"column":39}}],"line":17},"5":{"loc":{"start":{"line":18,"column":9},"end":{"line":18,"column":41}},"type":"cond-expr","locations":[{"start":{"line":18,"column":21},"end":{"line":18,"column":30}},{"start":{"line":18,"column":33},"end":{"line":18,"column":41}}],"line":18}},"s":{"0":12,"1":12,"2":12,"3":12},"f":{"0":12},"b":{"0":[3],"1":[6],"2":[11],"3":[11],"4":[11,1],"5":[11,1]},"_coverageSchema":"43e27e138ebf9cfc5966b082cf9a028302ed4184","hash":"e4d4382d91f0de845659cb15b0e82ca17595209f"}
,"/Users/jackwitt/Desktop/website/website.v2/src/components/icon-change.component.js": {"path":"/Users/jackwitt/Desktop/website/website.v2/src/components/icon-change.component.js","statementMap":{"0":{"start":{"line":4,"column":19},"end":{"line":20,"column":1}},"1":{"start":{"line":5,"column":74},"end":{"line":5,"column":79}},"2":{"start":{"line":6,"column":26},"end":{"line":6,"column":40}},"3":{"start":{"line":8,"column":21},"end":{"line":10,"column":3}},"4":{"start":{"line":9,"column":4},"end":{"line":9,"column":19}},"5":{"start":{"line":12,"column":2},"end":{"line":19,"column":4}}},"fnMap":{"0":{"name":"(anonymous_0)","decl":{"start":{"line":4,"column":19},"end":{"line":4,"column":20}},"loc":{"start":{"line":4,"column":30},"end":{"line":20,"column":1}},"line":4},"1":{"name":"(anonymous_1)","decl":{"start":{"line":8,"column":21},"end":{"line":8,"column":22}},"loc":{"start":{"line":8,"column":27},"end":{"line":10,"column":3}},"line":8}},"branchMap":{"0":{"loc":{"start":{"line":5,"column":10},"end":{"line":5,"column":27}},"type":"default-arg","locations":[{"start":{"line":5,"column":22},"end":{"line":5,"column":27}}],"line":5},"1":{"loc":{"start":{"line":5,"column":29},"end":{"line":5,"column":53}},"type":"default-arg","locations":[{"start":{"line":5,"column":42},"end":{"line":5,"column":53}}],"line":5},"2":{"loc":{"start":{"line":5,"column":55},"end":{"line":5,"column":69}},"type":"default-arg","locations":[{"start":{"line":5,"column":67},"end":{"line":5,"column":69}}],"line":5},"3":{"loc":{"start":{"line":16,"column":34},"end":{"line":16,"column":63}},"type":"cond-expr","locations":[{"start":{"line":16,"column":41},"end":{"line":16,"column":50}},{"start":{"line":16,"column":53},"end":{"line":16,"column":63}}],"line":16}},"s":{"0":12,"1":10,"2":10,"3":10,"4":4,"5":10},"f":{"0":10,"1":4},"b":{"0":[7],"1":[7],"2":[9],"3":[8,2]},"_coverageSchema":"43e27e138ebf9cfc5966b082cf9a028302ed4184","hash":"34933d018c2d89e8cd2630858469a118d6fe3b58"}
,"/Users/jackwitt/Desktop/website/website.v2/src/components/index.js": {"path":"/Users/jackwitt/Desktop/website/website.v2/src/components/index.js","statementMap":{},"fnMap":{},"branchMap":{},"s":{},"f":{},"b":{},"_coverageSchema":"43e27e138ebf9cfc5966b082cf9a028302ed4184","hash":"853a306650208abb1148e4380916859b85be7409"}
,"/Users/jackwitt/Desktop/website/website.v2/src/components/jumbotron.component.js": {"path":"/Users/jackwitt/Desktop/website/website.v2/src/components/jumbotron.component.js","statementMap":{"0":{"start":{"line":7,"column":18},"end":{"line":20,"column":1}},"1":{"start":{"line":8,"column":2},"end":{"line":19,"column":4}},"2":{"start":{"line":15,"column":71},"end":{"line":15,"column":115}}},"fnMap":{"0":{"name":"(anonymous_0)","decl":{"start":{"line":7,"column":18},"end":{"line":7,"column":19}},"loc":{"start":{"line":7,"column":29},"end":{"line":20,"column":1}},"line":7},"1":{"name":"(anonymous_1)","decl":{"start":{"line":15,"column":65},"end":{"line":15,"column":66}},"loc":{"start":{"line":15,"column":71},"end":{"line":15,"column":115}},"line":15}},"branchMap":{},"s":{"0":12,"1":3,"2":1},"f":{"0":3,"1":1},"b":{},"_coverageSchema":"43e27e138ebf9cfc5966b082cf9a028302ed4184","hash":"4d62600a5dfae2ffb30315632c5673ce0867cbd6"}
,"/Users/jackwitt/Desktop/website/website.v2/src/components/nav.component.js": {"path":"/Users/jackwitt/Desktop/website/website.v2/src/components/nav.component.js","statementMap":{"0":{"start":{"line":8,"column":4},"end":{"line":8,"column":17}},"1":{"start":{"line":9,"column":4},"end":{"line":11,"column":6}},"2":{"start":{"line":12,"column":4},"end":{"line":12,"column":59}},"3":{"start":{"line":16,"column":4},"end":{"line":16,"column":54}},"4":{"start":{"line":20,"column":25},"end":{"line":20,"column":35}},"5":{"start":{"line":21,"column":4},"end":{"line":52,"column":6}}},"fnMap":{"0":{"name":"(anonymous_0)","decl":{"start":{"line":7,"column":2},"end":{"line":7,"column":3}},"loc":{"start":{"line":7,"column":21},"end":{"line":13,"column":3}},"line":7},"1":{"name":"(anonymous_1)","decl":{"start":{"line":15,"column":2},"end":{"line":15,"column":3}},"loc":{"start":{"line":15,"column":20},"end":{"line":17,"column":3}},"line":15},"2":{"name":"(anonymous_2)","decl":{"start":{"line":19,"column":2},"end":{"line":19,"column":3}},"loc":{"start":{"line":19,"column":11},"end":{"line":53,"column":3}},"line":19}},"branchMap":{"0":{"loc":{"start":{"line":26,"column":45},"end":{"line":26,"column":78}},"type":"cond-expr","locations":[{"start":{"line":26,"column":57},"end":{"line":26,"column":73}},{"start":{"line":26,"column":76},"end":{"line":26,"column":78}}],"line":26},"1":{"loc":{"start":{"line":38,"column":13},"end":{"line":38,"column":46}},"type":"cond-expr","locations":[{"start":{"line":38,"column":25},"end":{"line":38,"column":41}},{"start":{"line":38,"column":44},"end":{"line":38,"column":46}}],"line":38}},"s":{"0":3,"1":3,"2":3,"3":2,"4":5,"5":5},"f":{"0":3,"1":2,"2":5},"b":{"0":[4,1],"1":[4,1]},"_coverageSchema":"43e27e138ebf9cfc5966b082cf9a028302ed4184","hash":"0c3d96bc1a0ff2782a02e4e2494c0d8516533646"}
,"/Users/jackwitt/Desktop/website/website.v2/src/components/page-link.component.js": {"path":"/Users/jackwitt/Desktop/website/website.v2/src/components/page-link.component.js","statementMap":{"0":{"start":{"line":4,"column":17},"end":{"line":12,"column":1}},"1":{"start":{"line":5,"column":25},"end":{"line":5,"column":30}},"2":{"start":{"line":7,"column":2},"end":{"line":11,"column":4}},"3":{"start":{"line":8,"column":24},"end":{"line":8,"column":66}}},"fnMap":{"0":{"name":"(anonymous_0)","decl":{"start":{"line":4,"column":17},"end":{"line":4,"column":18}},"loc":{"start":{"line":4,"column":28},"end":{"line":12,"column":1}},"line":4},"1":{"name":"(anonymous_1)","decl":{"start":{"line":8,"column":18},"end":{"line":8,"column":19}},"loc":{"start":{"line":8,"column":24},"end":{"line":8,"column":66}},"line":8}},"branchMap":{},"s":{"0":12,"1":23,"2":23,"3":1},"f":{"0":23,"1":1},"b":{},"_coverageSchema":"43e27e138ebf9cfc5966b082cf9a028302ed4184","hash":"41634710abe51e0b2acd1fdd12190281457fd9c0"}
,"/Users/jackwitt/Desktop/website/website.v2/src/components/social-media.component.js": {"path":"/Users/jackwitt/Desktop/website/website.v2/src/components/social-media.component.js","statementMap":{"0":{"start":{"line":5,"column":20},"end":{"line":25,"column":1}},"1":{"start":{"line":6,"column":57},"end":{"line":6,"column":62}},"2":{"start":{"line":7,"column":2},"end":{"line":24,"column":4}}},"fnMap":{"0":{"name":"(anonymous_0)","decl":{"start":{"line":5,"column":20},"end":{"line":5,"column":21}},"loc":{"start":{"line":5,"column":31},"end":{"line":25,"column":1}},"line":5}},"branchMap":{"0":{"loc":{"start":{"line":6,"column":10},"end":{"line":6,"column":35}},"type":"default-arg","locations":[{"start":{"line":6,"column":27},"end":{"line":6,"column":35}}],"line":6},"1":{"loc":{"start":{"line":6,"column":37},"end":{"line":6,"column":52}},"type":"default-arg","locations":[{"start":{"line":6,"column":44},"end":{"line":6,"column":52}}],"line":6}},"s":{"0":12,"1":17,"2":17},"f":{"0":17},"b":{"0":[9],"1":[9]},"_coverageSchema":"43e27e138ebf9cfc5966b082cf9a028302ed4184","hash":"6490e1f11398cc42c8620042dea586e3deb1f87f"}
,"/Users/jackwitt/Desktop/website/website.v2/src/scripts/index.js": {"path":"/Users/jackwitt/Desktop/website/website.v2/src/scripts/index.js","statementMap":{},"fnMap":{},"branchMap":{},"s":{},"f":{},"b":{},"_coverageSchema":"43e27e138ebf9cfc5966b082cf9a028302ed4184","hash":"aea7470e29db8dedfa20e336c7c923bf14a01a2e"}
,"/Users/jackwitt/Desktop/website/website.v2/src/scripts/scrollToName.js": {"path":"/Users/jackwitt/Desktop/website/website.v2/src/scripts/scrollToName.js","statementMap":{"0":{"start":{"line":1,"column":21},"end":{"line":10,"column":1}},"1":{"start":{"line":2,"column":13},"end":{"line":2,"column":43}},"2":{"start":{"line":3,"column":2},"end":{"line":9,"column":3}},"3":{"start":{"line":4,"column":25},"end":{"line":4,"column":58}},"4":{"start":{"line":5,"column":4},"end":{"line":8,"column":7}}},"fnMap":{"0":{"name":"(anonymous_0)","decl":{"start":{"line":1,"column":21},"end":{"line":1,"column":22}},"loc":{"start":{"line":1,"column":41},"end":{"line":10,"column":1}},"line":1}},"branchMap":{"0":{"loc":{"start":{"line":3,"column":2},"end":{"line":9,"column":3}},"type":"if","locations":[{"start":{"line":3,"column":2},"end":{"line":9,"column":3}},{"start":{"line":3,"column":2},"end":{"line":9,"column":3}}],"line":3}},"s":{"0":13,"1":4,"2":4,"3":1,"4":1},"f":{"0":4},"b":{"0":[1,3]},"_coverageSchema":"43e27e138ebf9cfc5966b082cf9a028302ed4184","hash":"e947859d7016aa435309e5a77f8c736a82cacc5f"}
}
