TN:
SF:/Users/jackwitt/Desktop/website/website.v2/src/components/card.component.js
FN:5,(anonymous_0)
FNF:1
FNH:1
FNDA:4,(anonymous_0)
DA:5,11
DA:6,4
DA:7,4
LF:3
LH:3
BRDA:11,0,0,3
BRDA:11,0,1,1
BRDA:12,1,0,1
BRDA:12,1,1,3
BRF:4
BRH:4
end_of_record
TN:
SF:/Users/jackwitt/Desktop/website/website.v2/src/components/contact.component.js
FN:5,(anonymous_0)
FNF:1
FNH:1
FNDA:1,(anonymous_0)
DA:5,11
DA:6,1
LF:2
LH:2
BRF:0
BRH:0
end_of_record
TN:
SF:/Users/jackwitt/Desktop/website/website.v2/src/components/content-item.component.js
FN:5,(anonymous_0)
FNF:1
FNH:1
FNDA:7,(anonymous_0)
DA:5,11
DA:6,7
DA:7,7
LF:3
LH:3
BRDA:10,0,0,3
BRDA:10,0,1,4
BRDA:10,1,0,7
BRDA:10,1,1,5
BRDA:12,2,0,2
BRDA:12,2,1,1
BRDA:13,3,0,2
BRDA:13,3,1,1
BRDA:18,4,0,2
BRDA:18,4,1,5
BRF:10
BRH:10
end_of_record
TN:
SF:/Users/jackwitt/Desktop/website/website.v2/src/components/content.component.js
FN:14,(anonymous_0)
FNF:1
FNH:0
FNDA:0,(anonymous_0)
DA:14,11
DA:15,0
LF:2
LH:1
BRF:0
BRH:0
end_of_record
TN:
SF:/Users/jackwitt/Desktop/website/website.v2/src/components/education-item.component.js
FN:5,(anonymous_0)
FNF:1
FNH:1
FNDA:5,(anonymous_0)
DA:5,11
DA:6,5
DA:7,5
LF:3
LH:3
BRDA:10,0,0,3
BRDA:10,0,1,2
BRDA:10,1,0,5
BRDA:10,1,1,3
BRDA:12,2,0,2
BRDA:12,2,1,1
BRDA:13,3,0,2
BRDA:13,3,1,1
BRDA:18,4,0,2
BRDA:18,4,1,3
BRF:10
BRH:10
end_of_record
TN:
SF:/Users/jackwitt/Desktop/website/website.v2/src/components/footer.component.js
FN:4,(anonymous_0)
FNF:1
FNH:1
FNDA:1,(anonymous_0)
DA:4,11
DA:5,1
LF:2
LH:2
BRF:0
BRH:0
end_of_record
TN:
SF:/Users/jackwitt/Desktop/website/website.v2/src/components/header-icon.component.js
FN:5,(anonymous_0)
FNF:1
FNH:1
FNDA:8,(anonymous_0)
DA:5,11
DA:6,8
DA:7,8
DA:8,8
LF:4
LH:4
BRDA:6,0,0,2
BRDA:6,1,0,2
BRDA:6,2,0,7
BRDA:10,3,0,1
BRDA:10,3,1,7
BRF:5
BRH:5
end_of_record
TN:
SF:/Users/jackwitt/Desktop/website/website.v2/src/components/icon-change.component.js
FN:4,(anonymous_0)
FN:8,(anonymous_1)
FNF:2
FNH:2
FNDA:7,(anonymous_0)
FNDA:2,(anonymous_1)
DA:4,11
DA:5,7
DA:6,7
DA:8,7
DA:9,2
DA:13,7
LF:6
LH:6
BRDA:5,0,0,4
BRDA:5,1,0,4
BRDA:5,2,0,4
BRDA:17,3,0,6
BRDA:17,3,1,1
BRF:5
BRH:5
end_of_record
TN:
SF:/Users/jackwitt/Desktop/website/website.v2/src/components/index.js
FNF:0
FNH:0
LF:0
LH:0
BRF:0
BRH:0
end_of_record
TN:
SF:/Users/jackwitt/Desktop/website/website.v2/src/components/jumbotron.component.js
FN:6,(anonymous_0)
FNF:1
FNH:0
FNDA:0,(anonymous_0)
DA:6,11
DA:7,0
LF:2
LH:1
BRF:0
BRH:0
end_of_record
TN:
SF:/Users/jackwitt/Desktop/website/website.v2/src/components/nav.component.js
FN:6,(anonymous_0)
FNF:1
FNH:1
FNDA:2,(anonymous_0)
DA:6,11
DA:7,2
LF:2
LH:2
BRF:0
BRH:0
end_of_record
TN:
SF:/Users/jackwitt/Desktop/website/website.v2/src/components/social-media.component.js
FN:5,(anonymous_0)
FNF:1
FNH:1
FNDA:13,(anonymous_0)
DA:5,11
DA:6,13
DA:7,13
LF:3
LH:3
BRDA:6,0,0,8
BRDA:6,1,0,6
BRF:2
BRH:2
end_of_record
