TN:
SF:/Users/jackwitt/Desktop/website/website.v2/src/components/card.component.js
FN:5,(anonymous_0)
FNF:1
FNH:1
FNDA:7,(anonymous_0)
DA:5,12
DA:6,7
DA:7,7
LF:3
LH:3
BRDA:11,0,0,6
BRDA:11,0,1,1
BRDA:12,1,0,4
BRDA:12,1,1,3
BRF:4
BRH:4
end_of_record
TN:
SF:/Users/jackwitt/Desktop/website/website.v2/src/components/contact.component.js
FN:5,(anonymous_0)
FNF:1
FNH:1
FNDA:2,(anonymous_0)
DA:5,12
DA:6,2
LF:2
LH:2
BRF:0
BRH:0
end_of_record
TN:
SF:/Users/jackwitt/Desktop/website/website.v2/src/components/content-item.component.js
FN:5,(anonymous_0)
FNF:1
FNH:1
FNDA:9,(anonymous_0)
DA:5,12
DA:6,9
DA:7,9
LF:3
LH:3
BRDA:10,0,0,5
BRDA:10,0,1,4
BRDA:10,1,0,9
BRDA:10,1,1,5
BRDA:12,2,0,4
BRDA:12,2,1,1
BRDA:13,3,0,4
BRDA:13,3,1,1
BRDA:18,4,0,4
BRDA:18,4,1,5
BRF:10
BRH:10
end_of_record
TN:
SF:/Users/jackwitt/Desktop/website/website.v2/src/components/content.component.js
FN:14,(anonymous_0)
FNF:1
FNH:1
FNDA:1,(anonymous_0)
DA:14,12
DA:15,1
LF:2
LH:2
BRF:0
BRH:0
end_of_record
TN:
SF:/Users/jackwitt/Desktop/website/website.v2/src/components/education-item.component.js
FN:5,(anonymous_0)
FNF:1
FNH:1
FNDA:7,(anonymous_0)
DA:5,12
DA:6,7
DA:7,7
LF:3
LH:3
BRDA:10,0,0,5
BRDA:10,0,1,2
BRDA:10,1,0,7
BRDA:10,1,1,3
BRDA:12,2,0,4
BRDA:12,2,1,1
BRDA:13,3,0,4
BRDA:13,3,1,1
BRDA:18,4,0,2
BRDA:18,4,1,5
BRF:10
BRH:10
end_of_record
TN:
SF:/Users/jackwitt/Desktop/website/website.v2/src/components/footer.component.js
FN:4,(anonymous_0)
FNF:1
FNH:1
FNDA:2,(anonymous_0)
DA:4,12
DA:5,2
LF:2
LH:2
BRF:0
BRH:0
end_of_record
TN:
SF:/Users/jackwitt/Desktop/website/website.v2/src/components/header-icon.component.js
FN:5,(anonymous_0)
FNF:1
FNH:1
FNDA:12,(anonymous_0)
DA:5,12
DA:11,12
DA:12,12
DA:13,12
LF:4
LH:4
BRDA:7,0,0,3
BRDA:8,1,0,6
BRDA:9,2,0,11
BRDA:10,3,0,11
BRDA:17,4,0,11
BRDA:17,4,1,1
BRDA:18,5,0,11
BRDA:18,5,1,1
BRF:8
BRH:8
end_of_record
TN:
SF:/Users/jackwitt/Desktop/website/website.v2/src/components/icon-change.component.js
FN:4,(anonymous_0)
FN:8,(anonymous_1)
FNF:2
FNH:2
FNDA:10,(anonymous_0)
FNDA:4,(anonymous_1)
DA:4,12
DA:5,10
DA:6,10
DA:8,10
DA:9,4
DA:12,10
LF:6
LH:6
BRDA:5,0,0,7
BRDA:5,1,0,7
BRDA:5,2,0,9
BRDA:16,3,0,8
BRDA:16,3,1,2
BRF:5
BRH:5
end_of_record
TN:
SF:/Users/jackwitt/Desktop/website/website.v2/src/components/index.js
FNF:0
FNH:0
LF:0
LH:0
BRF:0
BRH:0
end_of_record
TN:
SF:/Users/jackwitt/Desktop/website/website.v2/src/components/jumbotron.component.js
FN:7,(anonymous_0)
FN:15,(anonymous_1)
FNF:2
FNH:2
FNDA:3,(anonymous_0)
FNDA:1,(anonymous_1)
DA:7,12
DA:8,3
DA:15,1
LF:3
LH:3
BRF:0
BRH:0
end_of_record
TN:
SF:/Users/jackwitt/Desktop/website/website.v2/src/components/nav.component.js
FN:7,(anonymous_0)
FN:15,(anonymous_1)
FN:19,(anonymous_2)
FNF:3
FNH:3
FNDA:3,(anonymous_0)
FNDA:2,(anonymous_1)
FNDA:5,(anonymous_2)
DA:8,3
DA:9,3
DA:12,3
DA:16,2
DA:20,5
DA:21,5
LF:6
LH:6
BRDA:26,0,0,4
BRDA:26,0,1,1
BRDA:38,1,0,4
BRDA:38,1,1,1
BRF:4
BRH:4
end_of_record
TN:
SF:/Users/jackwitt/Desktop/website/website.v2/src/components/page-link.component.js
FN:4,(anonymous_0)
FN:8,(anonymous_1)
FNF:2
FNH:2
FNDA:23,(anonymous_0)
FNDA:1,(anonymous_1)
DA:4,12
DA:5,23
DA:7,23
DA:8,1
LF:4
LH:4
BRF:0
BRH:0
end_of_record
TN:
SF:/Users/jackwitt/Desktop/website/website.v2/src/components/social-media.component.js
FN:5,(anonymous_0)
FNF:1
FNH:1
FNDA:17,(anonymous_0)
DA:5,12
DA:6,17
DA:7,17
LF:3
LH:3
BRDA:6,0,0,9
BRDA:6,1,0,9
BRF:2
BRH:2
end_of_record
TN:
SF:/Users/jackwitt/Desktop/website/website.v2/src/scripts/index.js
FNF:0
FNH:0
LF:0
LH:0
BRF:0
BRH:0
end_of_record
TN:
SF:/Users/jackwitt/Desktop/website/website.v2/src/scripts/scrollToName.js
FN:1,(anonymous_0)
FNF:1
FNH:1
FNDA:4,(anonymous_0)
DA:1,13
DA:2,4
DA:3,4
DA:4,1
DA:5,1
LF:5
LH:5
BRDA:3,0,0,1
BRDA:3,0,1,3
BRF:2
BRH:2
end_of_record
